node:events:486
      throw er; // Unhandled 'error' event
      ^

Error: listen EADDRINUSE: address already in use :::3000
    at Server.setupListenHandle [as _listen2] (node:net:2008:16)
    at listenInCluster (node:net:2065:12)
    at Server.listen (node:net:2170:7)
    at app.listen (C:\Users\Ulises\Documents\8vo\Web_and_Aplications\PortafolioHandMadeHD\node_modules\express\lib\application.js:635:24)
    at Object.<anonymous> (C:\Users\Ulises\Documents\8vo\Web_and_Aplications\PortafolioHandMadeHD\server.js:35:5)
    at Module._compile (node:internal/modules/cjs/loader:1831:14)
    at Object..js (node:internal/modules/cjs/loader:1971:10)
    at Module.load (node:internal/modules/cjs/loader:1552:32)
    at Module._load (node:internal/modules/cjs/loader:1354:12)
    at wrapModuleLoad (node:internal/modules/cjs/loader:255:19)
Emitted 'error' event on Server instance at:
    at emitErrorNT (node:net:2044:8)
    at process.processTicksAndRejections (node:internal/process/task_queues:90:21) {
  code: 'EADDRINUSE',
  errno: -4091,
  syscall: 'listen',
  address: '::',
  port: 3000
}

Node.js v25.8.0
